app/manifest-merger-release-report.txt
-- Merging decision tree log ---
manifest
ADDED from AndroidManifest.xml:2:1
	xmlns:android
		ADDED from AndroidManifest.xml:2:11
	package
		ADDED from AndroidManifest.xml:3:11
		INJECTED from AndroidManifest.xml:0:0
		INJECTED from AndroidManifest.xml:0:0
	android:versionName
		ADDED from AndroidManifest.xml:5:11
	android:versionCode
		ADDED from AndroidManifest.xml:4:11
		INJECTED from AndroidManifest.xml:0:0
		INJECTED from AndroidManifest.xml:0:0
	android:installLocation
		ADDED from AndroidManifest.xml:6:11
application
ADDED from AndroidManifest.xml:8:5
MERGED from com.beardedhen:androidbootstrap:1.2.1:11:5
	android:label
		ADDED from AndroidManifest.xml:10:18
	android:allowBackup
		ADDED from AndroidManifest.xml:9:18
	android:icon
		ADDED from AndroidManifest.xml:8:18
	android:theme
		ADDED from AndroidManifest.xml:11:18
activity#com.jonathanbloodmatchtracker.main.MainMenuActivity
ADDED from AndroidManifest.xml:13:9
	android:label
		ADDED from AndroidManifest.xml:14:19
	android:name
		ADDED from AndroidManifest.xml:13:19
intent-filter#android.intent.action.MAIN+android.intent.category.LAUNCHER
ADDED from AndroidManifest.xml:15:13
action#android.intent.action.MAIN
ADDED from AndroidManifest.xml:16:17
	android:name
		ADDED from AndroidManifest.xml:16:25
category#android.intent.category.LAUNCHER
ADDED from AndroidManifest.xml:17:17
	android:name
		ADDED from AndroidManifest.xml:17:27
activity#com.jonathanbloodmatchtracker.record.FootballPreMatchInfoActivity
ADDED from AndroidManifest.xml:21:9
	android:label
		ADDED from AndroidManifest.xml:22:19
	android:name
		ADDED from AndroidManifest.xml:21:19
activity#com.jonathanbloodmatchtracker.record.GaelicPreMatchInfoActivity
ADDED from AndroidManifest.xml:25:9
	android:label
		ADDED from AndroidManifest.xml:26:19
	android:name
		ADDED from AndroidManifest.xml:25:19
activity#com.jonathanbloodmatchtracker.record.HurlingPreMatchInfoActivity
ADDED from AndroidManifest.xml:29:9
	android:label
		ADDED from AndroidManifest.xml:30:19
	android:name
		ADDED from AndroidManifest.xml:29:19
activity#com.jonathanbloodmatchtracker.record.RugbyPreMatchInfoActivity
ADDED from AndroidManifest.xml:33:9
	android:label
		ADDED from AndroidManifest.xml:34:19
	android:name
		ADDED from AndroidManifest.xml:33:19
activity#com.jonathanbloodmatchtracker.record.FootballMatchActivity
ADDED from AndroidManifest.xml:37:9
	android:screenOrientation
		ADDED from AndroidManifest.xml:39:19
	android:label
		ADDED from AndroidManifest.xml:38:19
	android:name
		ADDED from AndroidManifest.xml:37:19
activity#com.jonathanbloodmatchtracker.record.GaelicMatchActivity
ADDED from AndroidManifest.xml:42:9
	android:screenOrientation
		ADDED from AndroidManifest.xml:44:19
	android:label
		ADDED from AndroidManifest.xml:43:19
	android:name
		ADDED from AndroidManifest.xml:42:19
activity#com.jonathanbloodmatchtracker.record.HurlingMatchActivity
ADDED from AndroidManifest.xml:47:9
	android:screenOrientation
		ADDED from AndroidManifest.xml:49:19
	android:label
		ADDED from AndroidManifest.xml:48:19
	android:name
		ADDED from AndroidManifest.xml:47:19
activity#com.jonathanbloodmatchtracker.record.RugbyMatchActivity
ADDED from AndroidManifest.xml:52:9
	android:screenOrientation
		ADDED from AndroidManifest.xml:54:19
	android:label
		ADDED from AndroidManifest.xml:53:19
	android:name
		ADDED from AndroidManifest.xml:52:19
activity#com.jonathanbloodmatchtracker.statistics.StatisticsMenuActivity
ADDED from AndroidManifest.xml:57:9
	android:label
		ADDED from AndroidManifest.xml:58:19
	android:name
		ADDED from AndroidManifest.xml:57:19
activity#com.jonathanbloodmatchtracker.statistics.LeaderboardActivity
ADDED from AndroidManifest.xml:61:9
	android:label
		ADDED from AndroidManifest.xml:62:19
	android:name
		ADDED from AndroidManifest.xml:61:19
activity#com.jonathanbloodmatchtracker.statistics.PlayerStatsActivity
ADDED from AndroidManifest.xml:65:9
	android:label
		ADDED from AndroidManifest.xml:66:19
	android:name
		ADDED from AndroidManifest.xml:65:19
activity#com.jonathanbloodmatchtracker.statistics.PreviousMatchesActivity
ADDED from AndroidManifest.xml:69:9
	android:label
		ADDED from AndroidManifest.xml:70:19
	android:name
		ADDED from AndroidManifest.xml:69:19
activity#com.jonathanbloodmatchtracker.statistics.MatchActivity
ADDED from AndroidManifest.xml:73:9
	android:label
		ADDED from AndroidManifest.xml:74:19
	android:name
		ADDED from AndroidManifest.xml:73:19
uses-sdk
INJECTED from AndroidManifest.xml:0:0 reason: use-sdk injection requested
MERGED from com.beardedhen:androidbootstrap:1.2.1:7:5
	android:targetSdkVersion
		INJECTED from AndroidManifest.xml:0:0
		INJECTED from AndroidManifest.xml:0:0
	android:minSdkVersion
		INJECTED from AndroidManifest.xml:0:0
		INJECTED from AndroidManifest.xml:0:0